[debug] [2026-02-01T04:12:36.769Z] ----------------------------------------------------------------------
[debug] [2026-02-01T04:12:36.771Z] Command:       /opt/homebrew/Cellar/node@20/20.19.5/bin/node /opt/homebrew/bin/firebase deploy --only functions --project prueba-atom-bg --debug
[debug] [2026-02-01T04:12:36.771Z] CLI Version:   14.25.1
[debug] [2026-02-01T04:12:36.771Z] Platform:      darwin
[debug] [2026-02-01T04:12:36.771Z] Node Version:  v20.19.5
[debug] [2026-02-01T04:12:36.771Z] Time:          Sat Jan 31 2026 22:12:36 GMT-0600 (hora estándar central)
[debug] [2026-02-01T04:12:36.771Z] ----------------------------------------------------------------------
[debug] 
[debug] [2026-02-01T04:12:36.859Z] > command requires scopes: ["email","openid","https://www.googleapis.com/auth/cloudplatformprojects.readonly","https://www.googleapis.com/auth/firebase","https://www.googleapis.com/auth/cloud-platform"]
[debug] [2026-02-01T04:12:36.859Z] > authorizing via signed-in user (briangaleano11@gmail.com)
[debug] [2026-02-01T04:12:36.860Z] [iam] checking project prueba-atom-bg for permissions ["cloudfunctions.functions.create","cloudfunctions.functions.delete","cloudfunctions.functions.get","cloudfunctions.functions.list","cloudfunctions.functions.update","cloudfunctions.operations.get","firebase.projects.get"]
[debug] [2026-02-01T04:12:36.860Z] Checked if tokens are valid: false, expires at: 1769830579147
[debug] [2026-02-01T04:12:36.860Z] Checked if tokens are valid: false, expires at: 1769830579147
[debug] [2026-02-01T04:12:36.860Z] > refreshing access token with scopes: []
[debug] [2026-02-01T04:12:36.861Z] >>> [apiv2][query] POST https://www.googleapis.com/oauth2/v3/token [none]
[debug] [2026-02-01T04:12:36.861Z] >>> [apiv2][body] POST https://www.googleapis.com/oauth2/v3/token [omitted]
[debug] [2026-02-01T04:12:37.065Z] <<< [apiv2][status] POST https://www.googleapis.com/oauth2/v3/token 200
[debug] [2026-02-01T04:12:37.065Z] <<< [apiv2][body] POST https://www.googleapis.com/oauth2/v3/token [omitted]
[debug] [2026-02-01T04:12:37.077Z] >>> [apiv2][query] POST https://cloudresourcemanager.googleapis.com/v1/projects/prueba-atom-bg:testIamPermissions [none]
[debug] [2026-02-01T04:12:37.077Z] >>> [apiv2][(partial)header] POST https://cloudresourcemanager.googleapis.com/v1/projects/prueba-atom-bg:testIamPermissions x-goog-quota-user=projects/prueba-atom-bg
[debug] [2026-02-01T04:12:37.077Z] >>> [apiv2][body] POST https://cloudresourcemanager.googleapis.com/v1/projects/prueba-atom-bg:testIamPermissions {"permissions":["cloudfunctions.functions.create","cloudfunctions.functions.delete","cloudfunctions.functions.get","cloudfunctions.functions.list","cloudfunctions.functions.update","cloudfunctions.operations.get","firebase.projects.get"]}
[debug] [2026-02-01T04:12:37.383Z] <<< [apiv2][status] POST https://cloudresourcemanager.googleapis.com/v1/projects/prueba-atom-bg:testIamPermissions 200
[debug] [2026-02-01T04:12:37.384Z] <<< [apiv2][body] POST https://cloudresourcemanager.googleapis.com/v1/projects/prueba-atom-bg:testIamPermissions {"permissions":["cloudfunctions.functions.create","cloudfunctions.functions.delete","cloudfunctions.functions.get","cloudfunctions.functions.list","cloudfunctions.functions.update","cloudfunctions.operations.get","firebase.projects.get"]}
[debug] [2026-02-01T04:12:37.385Z] Checked if tokens are valid: true, expires at: 1769922756065
[debug] [2026-02-01T04:12:37.385Z] Checked if tokens are valid: true, expires at: 1769922756065
[debug] [2026-02-01T04:12:37.385Z] >>> [apiv2][query] POST https://iam.googleapis.com/v1/projects/prueba-atom-bg/serviceAccounts/prueba-atom-bg@appspot.gserviceaccount.com:testIamPermissions [none]
[debug] [2026-02-01T04:12:37.385Z] >>> [apiv2][body] POST https://iam.googleapis.com/v1/projects/prueba-atom-bg/serviceAccounts/prueba-atom-bg@appspot.gserviceaccount.com:testIamPermissions {"permissions":["iam.serviceAccounts.actAs"]}
[debug] [2026-02-01T04:12:37.698Z] <<< [apiv2][status] POST https://iam.googleapis.com/v1/projects/prueba-atom-bg/serviceAccounts/prueba-atom-bg@appspot.gserviceaccount.com:testIamPermissions 200
[debug] [2026-02-01T04:12:37.699Z] <<< [apiv2][body] POST https://iam.googleapis.com/v1/projects/prueba-atom-bg/serviceAccounts/prueba-atom-bg@appspot.gserviceaccount.com:testIamPermissions {"permissions":["iam.serviceAccounts.actAs"]}
[info] 
[info] === Deploying to 'prueba-atom-bg'...
[info] 
[info] i  deploying functions 
[info] Running command: npm --prefix "$RESOURCE_DIR" run lint
[info] Running command: npm --prefix "$RESOURCE_DIR" run build
[info] ✔  functions: Finished running predeploy script. 
[debug] [2026-02-01T04:12:43.460Z] Checked if tokens are valid: true, expires at: 1769922756065
[debug] [2026-02-01T04:12:43.460Z] Checked if tokens are valid: true, expires at: 1769922756065
[debug] [2026-02-01T04:12:43.460Z] >>> [apiv2][query] GET https://cloudresourcemanager.googleapis.com/v1/projects/prueba-atom-bg [none]
[debug] [2026-02-01T04:12:43.739Z] <<< [apiv2][status] GET https://cloudresourcemanager.googleapis.com/v1/projects/prueba-atom-bg 200
[debug] [2026-02-01T04:12:43.740Z] <<< [apiv2][body] GET https://cloudresourcemanager.googleapis.com/v1/projects/prueba-atom-bg {"projectNumber":"1083236146837","projectId":"prueba-atom-bg","lifecycleState":"ACTIVE","name":"prueba-atom-bg","labels":{"firebase":"enabled","firebase-core":"disabled"},"createTime":"2026-01-30T01:58:34.229059Z"}
[info] i  functions: preparing codebase default for deployment 
[info] i  functions: ensuring required API cloudfunctions.googleapis.com is enabled... 
[info] i  functions: ensuring required API cloudbuild.googleapis.com is enabled... 
[info] i  artifactregistry: ensuring required API artifactregistry.googleapis.com is enabled... 
[debug] [2026-02-01T04:12:43.743Z] Checked if tokens are valid: true, expires at: 1769922756065
[debug] [2026-02-01T04:12:43.744Z] Checked if tokens are valid: true, expires at: 1769922756065
[debug] [2026-02-01T04:12:43.744Z] >>> [apiv2][query] GET https://firebase.googleapis.com/v1beta1/projects/prueba-atom-bg/adminSdkConfig [none]
[debug] [2026-02-01T04:12:44.329Z] <<< [apiv2][status] GET https://firebase.googleapis.com/v1beta1/projects/prueba-atom-bg/adminSdkConfig 200
[debug] [2026-02-01T04:12:44.329Z] <<< [apiv2][body] GET https://firebase.googleapis.com/v1beta1/projects/prueba-atom-bg/adminSdkConfig {"projectId":"prueba-atom-bg","storageBucket":"prueba-atom-bg.firebasestorage.app"}
[debug] [2026-02-01T04:12:44.332Z] Validating nodejs source
[warn] ⚠  functions: package.json indicates an outdated version of firebase-functions. Please upgrade using npm install --save firebase-functions@latest in your functions directory. 
[warn] ⚠  functions: Please note that there will be breaking changes when you upgrade. 
[debug] [2026-02-01T04:12:44.898Z] > [functions] package.json contents: {
  "name": "functions",
  "scripts": {
    "lint": "eslint --ext .js,.ts .",
    "build": "tsc",
    "build:watch": "tsc --watch",
    "serve": "npm run build && firebase emulators:start --only functions,firestore",
    "shell": "npm run build && firebase functions:shell",
    "start": "npm run shell",
    "deploy": "firebase deploy --only functions",
    "logs": "firebase functions:log",
    "lint:fix": "eslint . --fix"
  },
  "engines": {
    "node": "22"
  },
  "main": "lib/index.js",
  "dependencies": {
    "axios": "^1.13.4",
    "cors": "^2.8.6",
    "dotenv": "^17.2.3",
    "express": "^5.2.1",
    "firebase-admin": "^12.7.0",
    "firebase-functions": "^6.0.1",
    "nodemailer": "^7.0.13"
  },
  "devDependencies": {
    "@types/cors": "^2.8.19",
    "@types/express": "^5.0.6",
    "@types/nodemailer": "^7.0.9",
    "@typescript-eslint/eslint-plugin": "^5.12.0",
    "@typescript-eslint/parser": "^5.12.0",
    "eslint": "^8.9.0",
    "eslint-config-google": "^0.14.0",
    "eslint-plugin-import": "^2.25.4",
    "firebase-functions-test": "^3.1.0",
    "typescript": "^5.7.3"
  },
  "private": true
}
[debug] [2026-02-01T04:12:44.898Z] Building nodejs source
[info] i  functions: Loading and analyzing source code for codebase default to determine what to deploy 
[debug] [2026-02-01T04:12:44.899Z] Could not find functions.yaml. Must use http discovery
[debug] [2026-02-01T04:12:44.903Z] Found firebase-functions binary at '/Users/briangaleano/Documents/Atom/Backend/pbackend-atom/functions/node_modules/.bin/firebase-functions'
[info] Serving at port 8418

[debug] [2026-02-01T04:12:45.184Z] Got response from /__/functions.yaml {"endpoints":{"api":{"availableMemoryMb":null,"timeoutSeconds":null,"minInstances":null,"maxInstances":10,"ingressSettings":null,"concurrency":null,"serviceAccountEmail":null,"vpc":null,"platform":"gcfv2","labels":{},"httpsTrigger":{},"entryPoint":"api"}},"specVersion":"v1alpha1","requiredAPIs":[],"extensions":{}}
[info] i  extensions: ensuring required API firebaseextensions.googleapis.com is enabled... 
[debug] [2026-02-01T04:12:49.205Z] > command requires scopes: ["email","openid","https://www.googleapis.com/auth/cloudplatformprojects.readonly","https://www.googleapis.com/auth/firebase","https://www.googleapis.com/auth/cloud-platform"]
[debug] [2026-02-01T04:12:49.205Z] > authorizing via signed-in user (briangaleano11@gmail.com)
[debug] [2026-02-01T04:12:49.205Z] [iam] checking project prueba-atom-bg for permissions ["firebase.projects.get","firebaseextensions.instances.list"]
[debug] [2026-02-01T04:12:49.206Z] Checked if tokens are valid: true, expires at: 1769922756065
[debug] [2026-02-01T04:12:49.206Z] Checked if tokens are valid: true, expires at: 1769922756065
[debug] [2026-02-01T04:12:49.206Z] >>> [apiv2][query] POST https://cloudresourcemanager.googleapis.com/v1/projects/prueba-atom-bg:testIamPermissions [none]
[debug] [2026-02-01T04:12:49.206Z] >>> [apiv2][(partial)header] POST https://cloudresourcemanager.googleapis.com/v1/projects/prueba-atom-bg:testIamPermissions x-goog-quota-user=projects/prueba-atom-bg
[debug] [2026-02-01T04:12:49.206Z] >>> [apiv2][body] POST https://cloudresourcemanager.googleapis.com/v1/projects/prueba-atom-bg:testIamPermissions {"permissions":["firebase.projects.get","firebaseextensions.instances.list"]}
[debug] [2026-02-01T04:12:49.439Z] <<< [apiv2][status] POST https://cloudresourcemanager.googleapis.com/v1/projects/prueba-atom-bg:testIamPermissions 200
[debug] [2026-02-01T04:12:49.440Z] <<< [apiv2][body] POST https://cloudresourcemanager.googleapis.com/v1/projects/prueba-atom-bg:testIamPermissions {"permissions":["firebase.projects.get","firebaseextensions.instances.list"]}
[debug] [2026-02-01T04:12:49.441Z] Checked if tokens are valid: true, expires at: 1769922756065
[debug] [2026-02-01T04:12:49.441Z] Checked if tokens are valid: true, expires at: 1769922756065
[debug] [2026-02-01T04:12:49.442Z] >>> [apiv2][query] GET https://firebaseextensions.googleapis.com/v1beta/projects/prueba-atom-bg/instances pageSize=100&pageToken=
[debug] [2026-02-01T04:12:49.958Z] <<< [apiv2][status] GET https://firebaseextensions.googleapis.com/v1beta/projects/prueba-atom-bg/instances 200
[debug] [2026-02-01T04:12:49.959Z] <<< [apiv2][body] GET https://firebaseextensions.googleapis.com/v1beta/projects/prueba-atom-bg/instances {}
[info] i  functions: Loaded environment variables from .env. 
[info] i  functions: preparing functions directory for uploading... 
[info] i  functions: packaged /Users/briangaleano/Documents/Atom/Backend/pbackend-atom/functions (123.92 KB) for uploading 
[debug] [2026-02-01T04:12:50.039Z] Checked if tokens are valid: true, expires at: 1769922756065
[debug] [2026-02-01T04:12:50.039Z] Checked if tokens are valid: true, expires at: 1769922756065
[debug] [2026-02-01T04:12:50.039Z] >>> [apiv2][query] GET https://cloudfunctions.googleapis.com/v1/projects/prueba-atom-bg/locations/-/functions [none]
[debug] [2026-02-01T04:12:50.880Z] <<< [apiv2][status] GET https://cloudfunctions.googleapis.com/v1/projects/prueba-atom-bg/locations/-/functions 200
[debug] [2026-02-01T04:12:50.881Z] <<< [apiv2][body] GET https://cloudfunctions.googleapis.com/v1/projects/prueba-atom-bg/locations/-/functions {}
[debug] [2026-02-01T04:12:50.881Z] Checked if tokens are valid: true, expires at: 1769922756065
[debug] [2026-02-01T04:12:50.882Z] Checked if tokens are valid: true, expires at: 1769922756065
[debug] [2026-02-01T04:12:50.882Z] >>> [apiv2][query] GET https://cloudfunctions.googleapis.com/v2/projects/prueba-atom-bg/locations/-/functions filter=environment%3D%22GEN_2%22
[debug] [2026-02-01T04:12:51.496Z] <<< [apiv2][status] GET https://cloudfunctions.googleapis.com/v2/projects/prueba-atom-bg/locations/-/functions 200
[debug] [2026-02-01T04:12:51.496Z] <<< [apiv2][body] GET https://cloudfunctions.googleapis.com/v2/projects/prueba-atom-bg/locations/-/functions {"functions":[{"name":"projects/prueba-atom-bg/locations/us-central1/functions/api","buildConfig":{"build":"projects/1083236146837/locations/us-central1/builds/87939a91-fdec-480a-a045-0a76c60c32f6","runtime":"nodejs22","entryPoint":"api","source":{"storageSource":{"bucket":"gcf-v2-sources-1083236146837-us-central1","object":"api/function-source.zip","generation":"1769826997964108"}},"environmentVariables":{"GOOGLE_NODE_RUN_SCRIPTS":""},"dockerRepository":"projects/prueba-atom-bg/locations/us-central1/repositories/gcf-artifacts","sourceProvenance":{"resolvedStorageSource":{"bucket":"gcf-v2-sources-1083236146837-us-central1","object":"api/function-source.zip","generation":"1769826997964108"}},"dockerRegistry":"ARTIFACT_REGISTRY","serviceAccount":"projects/prueba-atom-bg/serviceAccounts/1083236146837-compute@developer.gserviceaccount.com","automaticUpdatePolicy":{}},"serviceConfig":{"service":"projects/prueba-atom-bg/locations/us-central1/services/api","timeoutSeconds":60,"environmentVariables":{"EMAIL":"briangaleano11@gmail.com","PASSWORD":"hoyp cfro jixn gchb","API_KEY":"AIzaSyBQqB5bxqunujIKYyQ8WE5W6Utie9IlKxo","FIREBASE_CONFIG":"{\"projectId\":\"prueba-atom-bg\",\"storageBucket\":\"prueba-atom-bg.firebasestorage.app\"}","GCLOUD_PROJECT":"prueba-atom-bg","EVENTARC_CLOUD_EVENT_SOURCE":"projects/prueba-atom-bg/locations/us-central1/services/api","FUNCTION_TARGET":"api","LOG_EXECUTION_ID":"true"},"maxInstanceCount":10,"ingressSettings":"ALLOW_ALL","uri":"https://api-gl2fydetlq-uc.a.run.app","serviceAccountEmail":"1083236146837-compute@developer.gserviceaccount.com","availableMemory":"256Mi","allTrafficOnLatestRevision":true,"revision":"api-00003-quj","maxInstanceRequestConcurrency":80,"availableCpu":"1"},"state":"ACTIVE","updateTime":"2026-01-31T02:37:32.707605796Z","labels":{"deployment-tool":"cli-firebase","firebase-functions-hash":"2ce7da2a38809e5b493de6d2237503c7803b8432"},"environment":"GEN_2","url":"https://us-central1-prueba-atom-bg.cloudfunctions.net/api","createTime":"2026-01-30T23:13:20.380456969Z","satisfiesPzi":true}]}
[info] i  functions: ensuring required API run.googleapis.com is enabled... 
[info] i  functions: ensuring required API eventarc.googleapis.com is enabled... 
[info] i  functions: ensuring required API pubsub.googleapis.com is enabled... 
[info] i  functions: ensuring required API storage.googleapis.com is enabled... 
[info] i  functions: generating the service identity for pubsub.googleapis.com... 
[debug] [2026-02-01T04:12:51.503Z] Checked if tokens are valid: true, expires at: 1769922756065
[debug] [2026-02-01T04:12:51.503Z] Checked if tokens are valid: true, expires at: 1769922756065
[info] i  functions: generating the service identity for eventarc.googleapis.com... 
[debug] [2026-02-01T04:12:51.503Z] Checked if tokens are valid: true, expires at: 1769922756065
[debug] [2026-02-01T04:12:51.503Z] Checked if tokens are valid: true, expires at: 1769922756065
[debug] [2026-02-01T04:12:51.503Z] >>> [apiv2][query] POST https://serviceusage.googleapis.com/v1beta1/projects/1083236146837/services/pubsub.googleapis.com:generateServiceIdentity [none]
[debug] [2026-02-01T04:12:51.503Z] >>> [apiv2][(partial)header] POST https://serviceusage.googleapis.com/v1beta1/projects/1083236146837/services/pubsub.googleapis.com:generateServiceIdentity x-goog-quota-user=projects/1083236146837
[debug] [2026-02-01T04:12:51.503Z] >>> [apiv2][body] POST https://serviceusage.googleapis.com/v1beta1/projects/1083236146837/services/pubsub.googleapis.com:generateServiceIdentity {}
[debug] [2026-02-01T04:12:51.505Z] >>> [apiv2][query] POST https://serviceusage.googleapis.com/v1beta1/projects/1083236146837/services/eventarc.googleapis.com:generateServiceIdentity [none]
[debug] [2026-02-01T04:12:51.505Z] >>> [apiv2][(partial)header] POST https://serviceusage.googleapis.com/v1beta1/projects/1083236146837/services/eventarc.googleapis.com:generateServiceIdentity x-goog-quota-user=projects/1083236146837
[debug] [2026-02-01T04:12:51.505Z] >>> [apiv2][body] POST https://serviceusage.googleapis.com/v1beta1/projects/1083236146837/services/eventarc.googleapis.com:generateServiceIdentity {}
[debug] [2026-02-01T04:12:52.079Z] <<< [apiv2][status] POST https://serviceusage.googleapis.com/v1beta1/projects/1083236146837/services/pubsub.googleapis.com:generateServiceIdentity 200
[debug] [2026-02-01T04:12:52.079Z] <<< [apiv2][body] POST https://serviceusage.googleapis.com/v1beta1/projects/1083236146837/services/pubsub.googleapis.com:generateServiceIdentity {"name":"operations/finished.DONE_OPERATION","done":true,"response":{"@type":"type.googleapis.com/google.api.serviceusage.v1beta1.ServiceIdentity","email":"service-1083236146837@gcp-sa-pubsub.iam.gserviceaccount.com","uniqueId":"109046350524538657794"}}
[debug] [2026-02-01T04:12:52.117Z] <<< [apiv2][status] POST https://serviceusage.googleapis.com/v1beta1/projects/1083236146837/services/eventarc.googleapis.com:generateServiceIdentity 200
[debug] [2026-02-01T04:12:52.117Z] <<< [apiv2][body] POST https://serviceusage.googleapis.com/v1beta1/projects/1083236146837/services/eventarc.googleapis.com:generateServiceIdentity {"name":"operations/finished.DONE_OPERATION","done":true,"response":{"@type":"type.googleapis.com/google.api.serviceusage.v1beta1.ServiceIdentity","email":"service-1083236146837@gcp-sa-eventarc.iam.gserviceaccount.com","uniqueId":"100098827711332256780"}}
[debug] [2026-02-01T04:12:52.119Z] Checked if tokens are valid: true, expires at: 1769922756065
[debug] [2026-02-01T04:12:52.119Z] Checked if tokens are valid: true, expires at: 1769922756065
[debug] [2026-02-01T04:12:52.120Z] >>> [apiv2][query] GET https://cloudresourcemanager.googleapis.com/v1/projects/prueba-atom-bg [none]
[debug] [2026-02-01T04:12:52.226Z] <<< [apiv2][status] GET https://cloudresourcemanager.googleapis.com/v1/projects/prueba-atom-bg 200
[debug] [2026-02-01T04:12:52.227Z] <<< [apiv2][body] GET https://cloudresourcemanager.googleapis.com/v1/projects/prueba-atom-bg {"projectNumber":"1083236146837","projectId":"prueba-atom-bg","lifecycleState":"ACTIVE","name":"prueba-atom-bg","labels":{"firebase":"enabled","firebase-core":"disabled"},"createTime":"2026-01-30T01:58:34.229059Z"}
[debug] [2026-02-01T04:12:52.227Z] Checked if tokens are valid: true, expires at: 1769922756065
[debug] [2026-02-01T04:12:52.227Z] Checked if tokens are valid: true, expires at: 1769922756065
[debug] [2026-02-01T04:12:52.227Z] >>> [apiv2][query] GET https://compute.googleapis.com/compute/v1/projects/1083236146837 [none]
[debug] [2026-02-01T04:12:52.607Z] <<< [apiv2][status] GET https://compute.googleapis.com/compute/v1/projects/1083236146837 403
[debug] [2026-02-01T04:12:52.607Z] <<< [apiv2][body] GET https://compute.googleapis.com/compute/v1/projects/1083236146837 {"error":{"code":403,"message":"Compute Engine API has not been used in project 1083236146837 before or it is disabled. Enable it by visiting https://console.developers.google.com/apis/api/compute.googleapis.com/overview?project=1083236146837 then retry. If you enabled this API recently, wait a few minutes for the action to propagate to our systems and retry.","errors":[{"message":"Compute Engine API has not been used in project 1083236146837 before or it is disabled. Enable it by visiting https://console.developers.google.com/apis/api/compute.googleapis.com/overview?project=1083236146837 then retry. If you enabled this API recently, wait a few minutes for the action to propagate to our systems and retry.","domain":"usageLimits","reason":"accessNotConfigured","extendedHelp":"https://console.developers.google.com"}],"status":"PERMISSION_DENIED","details":[{"@type":"type.googleapis.com/google.rpc.ErrorInfo","reason":"SERVICE_DISABLED","domain":"googleapis.com","metadata":{"service":"compute.googleapis.com","activationUrl":"https://console.developers.google.com/apis/api/compute.googleapis.com/overview?project=1083236146837","serviceTitle":"Compute Engine API","containerInfo":"1083236146837","consumer":"projects/1083236146837"}},{"@type":"type.googleapis.com/google.rpc.LocalizedMessage","locale":"en-US","message":"Compute Engine API has not been used in project 1083236146837 before or it is disabled. Enable it by visiting https://console.developers.google.com/apis/api/compute.googleapis.com/overview?project=1083236146837 then retry. If you enabled this API recently, wait a few minutes for the action to propagate to our systems and retry."},{"@type":"type.googleapis.com/google.rpc.Help","links":[{"description":"Google developers console API activation","url":"https://console.developers.google.com/apis/api/compute.googleapis.com/overview?project=1083236146837"}]}]}}
[debug] [2026-02-01T04:12:52.608Z] unable to look up default compute service account. Falling back to 1083236146837-compute@developer.gserviceaccount.com. Error: {"name":"FirebaseError","children":[],"context":{"body":{"error":{"code":403,"message":"Compute Engine API has not been used in project 1083236146837 before or it is disabled. Enable it by visiting https://console.developers.google.com/apis/api/compute.googleapis.com/overview?project=1083236146837 then retry. If you enabled this API recently, wait a few minutes for the action to propagate to our systems and retry.","errors":[{"message":"Compute Engine API has not been used in project 1083236146837 before or it is disabled. Enable it by visiting https://console.developers.google.com/apis/api/compute.googleapis.com/overview?project=1083236146837 then retry. If you enabled this API recently, wait a few minutes for the action to propagate to our systems and retry.","domain":"usageLimits","reason":"accessNotConfigured","extendedHelp":"https://console.developers.google.com"}],"status":"PERMISSION_DENIED","details":[{"@type":"type.googleapis.com/google.rpc.ErrorInfo","reason":"SERVICE_DISABLED","domain":"googleapis.com","metadata":{"service":"compute.googleapis.com","activationUrl":"https://console.developers.google.com/apis/api/compute.googleapis.com/overview?project=1083236146837","serviceTitle":"Compute Engine API","containerInfo":"1083236146837","consumer":"projects/1083236146837"}},{"@type":"type.googleapis.com/google.rpc.LocalizedMessage","locale":"en-US","message":"Compute Engine API has not been used in project 1083236146837 before or it is disabled. Enable it by visiting https://console.developers.google.com/apis/api/compute.googleapis.com/overview?project=1083236146837 then retry. If you enabled this API recently, wait a few minutes for the action to propagate to our systems and retry."},{"@type":"type.googleapis.com/google.rpc.Help","links":[{"description":"Google developers console API activation","url":"https://console.developers.google.com/apis/api/compute.googleapis.com/overview?project=1083236146837"}]}]}},"response":{"statusCode":403}},"exit":1,"message":"Request to https://compute.googleapis.com/compute/v1/projects/1083236146837 had HTTP Error: 403, Compute Engine API has not been used in project 1083236146837 before or it is disabled. Enable it by visiting https://console.developers.google.com/apis/api/compute.googleapis.com/overview?project=1083236146837 then retry. If you enabled this API recently, wait a few minutes for the action to propagate to our systems and retry.","status":403}
[debug] [2026-02-01T04:12:52.610Z] Checked if tokens are valid: true, expires at: 1769922756065
[debug] [2026-02-01T04:12:52.610Z] Checked if tokens are valid: true, expires at: 1769922756065
[debug] [2026-02-01T04:12:52.610Z] >>> [apiv2][query] GET https://cloudbilling.googleapis.com/v1/projects/prueba-atom-bg/billingInfo [none]
[debug] [2026-02-01T04:12:53.291Z] <<< [apiv2][status] GET https://cloudbilling.googleapis.com/v1/projects/prueba-atom-bg/billingInfo 200
[debug] [2026-02-01T04:12:53.291Z] <<< [apiv2][body] GET https://cloudbilling.googleapis.com/v1/projects/prueba-atom-bg/billingInfo {"name":"projects/prueba-atom-bg/billingInfo","projectId":"prueba-atom-bg","billingAccountName":"billingAccounts/016501-7D1BAA-329B14","billingEnabled":true}
[debug] [2026-02-01T04:12:53.294Z] Checked if tokens are valid: true, expires at: 1769922756065
[debug] [2026-02-01T04:12:53.294Z] Checked if tokens are valid: true, expires at: 1769922756065
[debug] [2026-02-01T04:12:53.294Z] >>> [apiv2][query] POST https://cloudfunctions.googleapis.com/v2/projects/prueba-atom-bg/locations/us-central1/functions:generateUploadUrl [none]
[debug] [2026-02-01T04:12:53.662Z] <<< [apiv2][status] POST https://cloudfunctions.googleapis.com/v2/projects/prueba-atom-bg/locations/us-central1/functions:generateUploadUrl 200
[debug] [2026-02-01T04:12:53.662Z] <<< [apiv2][body] POST https://cloudfunctions.googleapis.com/v2/projects/prueba-atom-bg/locations/us-central1/functions:generateUploadUrl {"uploadUrl":"https://storage.googleapis.com/gcf-v2-uploads-1083236146837.us-central1.cloudfunctions.appspot.com/817738fc-256f-45a5-b878-27fb4c6aca25.zip?GoogleAccessId=service-1083236146837@gcf-admin-robot.iam.gserviceaccount.com&Expires=1769920973&Signature=ZvbAT7rOXiCQoPRCrOjkOY5GA8uZMqFXJrkFmsovFL80I85xnPKKIHy6HTzA3qif0fKf1FADDYaPSpfkFGXkr5x1ZmwLeLEVcPJKDcEDlloo17%2FICznCYeEdNSPJHo9dBS6hLFVx%2BFbEGLIJOGiXfV2TeOjXgaoaf2A5TpFsHv2T0UIxcYoL8IpND04GhA%2FZACY1Xt74pwR%2Fc6f44%2B2duqL%2BuaIt1H%2FmN98qWM%2F%2FUit45k3iUwcxZrcQF6MUn%2F4PMn4E1GgJU%2Fngaf7%2F6q53gR4W2jsi006L004RM1Zo2taBcsurfTg1IsAvvI454o%2FLRmLWJtN6r9XemgdDnsnyAw%3D%3D","storageSource":{"bucket":"gcf-v2-uploads-1083236146837.us-central1.cloudfunctions.appspot.com","object":"817738fc-256f-45a5-b878-27fb4c6aca25.zip"}}
[debug] [2026-02-01T04:12:53.665Z] >>> [apiv2][query] PUT https://storage.googleapis.com/gcf-v2-uploads-1083236146837.us-central1.cloudfunctions.appspot.com/817738fc-256f-45a5-b878-27fb4c6aca25.zip GoogleAccessId=service-1083236146837%40gcf-admin-robot.iam.gserviceaccount.com&Expires=1769920973&Signature=ZvbAT7rOXiCQoPRCrOjkOY5GA8uZMqFXJrkFmsovFL80I85xnPKKIHy6HTzA3qif0fKf1FADDYaPSpfkFGXkr5x1ZmwLeLEVcPJKDcEDlloo17%2FICznCYeEdNSPJHo9dBS6hLFVx%2BFbEGLIJOGiXfV2TeOjXgaoaf2A5TpFsHv2T0UIxcYoL8IpND04GhA%2FZACY1Xt74pwR%2Fc6f44%2B2duqL%2BuaIt1H%2FmN98qWM%2F%2FUit45k3iUwcxZrcQF6MUn%2F4PMn4E1GgJU%2Fngaf7%2F6q53gR4W2jsi006L004RM1Zo2taBcsurfTg1IsAvvI454o%2FLRmLWJtN6r9XemgdDnsnyAw%3D%3D
[debug] [2026-02-01T04:12:53.665Z] >>> [apiv2][body] PUT https://storage.googleapis.com/gcf-v2-uploads-1083236146837.us-central1.cloudfunctions.appspot.com/817738fc-256f-45a5-b878-27fb4c6aca25.zip [stream]
[debug] [2026-02-01T04:12:54.214Z] <<< [apiv2][status] PUT https://storage.googleapis.com/gcf-v2-uploads-1083236146837.us-central1.cloudfunctions.appspot.com/817738fc-256f-45a5-b878-27fb4c6aca25.zip 200
[debug] [2026-02-01T04:12:54.215Z] <<< [apiv2][body] PUT https://storage.googleapis.com/gcf-v2-uploads-1083236146837.us-central1.cloudfunctions.appspot.com/817738fc-256f-45a5-b878-27fb4c6aca25.zip [omitted]
[info] ✔  functions: functions source uploaded successfully 
[info] i  functions: updating Node.js 22 (2nd Gen) function api(us-central1)... 
[debug] [2026-02-01T04:12:54.222Z] Checked if tokens are valid: true, expires at: 1769922756065
[debug] [2026-02-01T04:12:54.222Z] Checked if tokens are valid: true, expires at: 1769922756065
[debug] [2026-02-01T04:12:54.222Z] >>> [apiv2][query] PATCH https://cloudfunctions.googleapis.com/v2/projects/prueba-atom-bg/locations/us-central1/functions/api updateMask=name%2CbuildConfig.runtime%2CbuildConfig.entryPoint%2CbuildConfig.source.storageSource.bucket%2CbuildConfig.source.storageSource.object%2CbuildConfig.environmentVariables%2CbuildConfig.sourceToken%2CserviceConfig.environmentVariables%2CserviceConfig.ingressSettings%2CserviceConfig.timeoutSeconds%2CserviceConfig.serviceAccountEmail%2CserviceConfig.availableMemory%2CserviceConfig.minInstanceCount%2CserviceConfig.maxInstanceCount%2CserviceConfig.maxInstanceRequestConcurrency%2CserviceConfig.availableCpu%2CserviceConfig.vpcConnector%2CserviceConfig.vpcConnectorEgressSettings%2Clabels
[debug] [2026-02-01T04:12:54.223Z] >>> [apiv2][body] PATCH https://cloudfunctions.googleapis.com/v2/projects/prueba-atom-bg/locations/us-central1/functions/api {"name":"projects/prueba-atom-bg/locations/us-central1/functions/api","buildConfig":{"runtime":"nodejs22","entryPoint":"api","source":{"storageSource":{"bucket":"gcf-v2-uploads-1083236146837.us-central1.cloudfunctions.appspot.com","object":"817738fc-256f-45a5-b878-27fb4c6aca25.zip"}},"environmentVariables":{"GOOGLE_NODE_RUN_SCRIPTS":""}},"serviceConfig":{"environmentVariables":{"EMAIL":"correo@gmail.com","PASSWORD":"","API_KEY":"","FIREBASE_CONFIG":"{\"projectId\":\"prueba-atom-bg\",\"storageBucket\":\"prueba-atom-bg.firebasestorage.app\"}","GCLOUD_PROJECT":"prueba-atom-bg","EVENTARC_CLOUD_EVENT_SOURCE":"projects/prueba-atom-bg/locations/us-central1/services/api","FUNCTION_TARGET":"api","LOG_EXECUTION_ID":"true"},"ingressSettings":null,"timeoutSeconds":null,"serviceAccountEmail":null,"availableMemory":"256Mi","minInstanceCount":null,"maxInstanceCount":10,"maxInstanceRequestConcurrency":80,"availableCpu":"1","vpcConnector":null,"vpcConnectorEgressSettings":null},"labels":{"deployment-tool":"cli-firebase","firebase-functions-hash":"4158360c01dc5f7cc5e273d461deb2546378a09d"}}
[debug] [2026-02-01T04:12:55.319Z] <<< [apiv2][status] PATCH https://cloudfunctions.googleapis.com/v2/projects/prueba-atom-bg/locations/us-central1/functions/api 200
[debug] [2026-02-01T04:12:55.319Z] <<< [apiv2][body] PATCH https://cloudfunctions.googleapis.com/v2/projects/prueba-atom-bg/locations/us-central1/functions/api {"name":"projects/prueba-atom-bg/locations/us-central1/operations/operation-1769919174521-649bb6badb1c6-a6b86ea0-d0a037bd","metadata":{"@type":"type.googleapis.com/google.cloud.functions.v2.OperationMetadata","createTime":"2026-02-01T04:12:55.321838346Z","target":"projects/prueba-atom-bg/locations/us-central1/functions/api","verb":"update","cancelRequested":false,"apiVersion":"v2"},"done":false}
[debug] [2026-02-01T04:12:55.320Z] Checked if tokens are valid: true, expires at: 1769922756065
[debug] [2026-02-01T04:12:55.320Z] Checked if tokens are valid: true, expires at: 1769922756065
[debug] [2026-02-01T04:12:55.321Z] >>> [apiv2][query] GET https://cloudfunctions.googleapis.com/v2/projects/prueba-atom-bg/locations/us-central1/operations/operation-1769919174521-649bb6badb1c6-a6b86ea0-d0a037bd [none]
[debug] [2026-02-01T04:12:55.598Z] <<< [apiv2][status] GET https://cloudfunctions.googleapis.com/v2/projects/prueba-atom-bg/locations/us-central1/operations/operation-1769919174521-649bb6badb1c6-a6b86ea0-d0a037bd 200
[debug] [2026-02-01T04:12:55.598Z] <<< [apiv2][body] GET https://cloudfunctions.googleapis.com/v2/projects/prueba-atom-bg/locations/us-central1/operations/operation-1769919174521-649bb6badb1c6-a6b86ea0-d0a037bd {"name":"projects/prueba-atom-bg/locations/us-central1/operations/operation-1769919174521-649bb6badb1c6-a6b86ea0-d0a037bd","metadata":{"@type":"type.googleapis.com/google.cloud.functions.v2.OperationMetadata","createTime":"2026-02-01T04:12:55.321838346Z","target":"projects/prueba-atom-bg/locations/us-central1/functions/api","verb":"update","cancelRequested":false,"apiVersion":"v2","requestResource":{"@type":"type.googleapis.com/google.cloud.functions.v2.Function","name":"projects/prueba-atom-bg/locations/us-central1/functions/api","buildConfig":{"runtime":"nodejs22","entryPoint":"api","source":{"storageSource":{"bucket":"gcf-v2-sources-1083236146837-us-central1","object":"api/function-source.zip","generation":"1769919175274690"}},"environmentVariables":{"GOOGLE_NODE_RUN_SCRIPTS":""},"dockerRepository":"projects/prueba-atom-bg/locations/us-central1/repositories/gcf-artifacts","sourceProvenance":{"resolvedStorageSource":{"bucket":"gcf-v2-sources-1083236146837-us-central1","object":"api/function-source.zip","generation":"1769826997964108"}},"dockerRegistry":"ARTIFACT_REGISTRY","serviceAccount":"projects/prueba-atom-bg/serviceAccounts/1083236146837-compute@developer.gserviceaccount.com","automaticUpdatePolicy":{}},"serviceConfig":{"service":"projects/prueba-atom-bg/locations/us-central1/services/api","timeoutSeconds":60,"environmentVariables":{"EMAIL":"correo@gmail.com","PASSWORD":"","API_KEY":"","FIREBASE_CONFIG":"{\"projectId\":\"prueba-atom-bg\",\"storageBucket\":\"prueba-atom-bg.firebasestorage.app\"}","GCLOUD_PROJECT":"prueba-atom-bg","EVENTARC_CLOUD_EVENT_SOURCE":"projects/prueba-atom-bg/locations/us-central1/services/api","FUNCTION_TARGET":"api","LOG_EXECUTION_ID":"true"},"maxInstanceCount":10,"ingressSettings":"ALLOW_ALL","uri":"https://api-gl2fydetlq-uc.a.run.app","serviceAccountEmail":"1083236146837-compute@developer.gserviceaccount.com","availableMemory":"256Mi","allTrafficOnLatestRevision":true,"revision":"api-00003-quj","maxInstanceRequestConcurrency":80,"availableCpu":"1"},"state":"ACTIVE","labels":{"deployment-tool":"cli-firebase","firebase-functions-hash":"4158360c01dc5f7cc5e273d461deb2546378a09d"},"environment":"GEN_2","url":"https://us-central1-prueba-atom-bg.cloudfunctions.net/api","satisfiesPzi":true},"stages":[{"name":"BUILD","state":"NOT_STARTED"},{"name":"SERVICE","state":"NOT_STARTED"}],"operationType":"UPDATE_FUNCTION"},"done":false}
[debug] [2026-02-01T04:12:56.101Z] [update-default-us-central1-api] Retrying task index 0
[debug] [2026-02-01T04:12:56.102Z] Checked if tokens are valid: true, expires at: 1769922756065
[debug] [2026-02-01T04:12:56.102Z] Checked if tokens are valid: true, expires at: 1769922756065
[debug] [2026-02-01T04:12:56.103Z] >>> [apiv2][query] GET https://cloudfunctions.googleapis.com/v2/projects/prueba-atom-bg/locations/us-central1/operations/operation-1769919174521-649bb6badb1c6-a6b86ea0-d0a037bd [none]
[debug] [2026-02-01T04:12:56.375Z] <<< [apiv2][status] GET https://cloudfunctions.googleapis.com/v2/projects/prueba-atom-bg/locations/us-central1/operations/operation-1769919174521-649bb6badb1c6-a6b86ea0-d0a037bd 200
[debug] [2026-02-01T04:12:56.375Z] <<< [apiv2][body] GET https://cloudfunctions.googleapis.com/v2/projects/prueba-atom-bg/locations/us-central1/operations/operation-1769919174521-649bb6badb1c6-a6b86ea0-d0a037bd {"name":"projects/prueba-atom-bg/locations/us-central1/operations/operation-1769919174521-649bb6badb1c6-a6b86ea0-d0a037bd","metadata":{"@type":"type.googleapis.com/google.cloud.functions.v2.OperationMetadata","createTime":"2026-02-01T04:12:55.321838346Z","target":"projects/prueba-atom-bg/locations/us-central1/functions/api","verb":"update","cancelRequested":false,"apiVersion":"v2","requestResource":{"@type":"type.googleapis.com/google.cloud.functions.v2.Function","name":"projects/prueba-atom-bg/locations/us-central1/functions/api","buildConfig":{"runtime":"nodejs22","entryPoint":"api","source":{"storageSource":{"bucket":"gcf-v2-sources-1083236146837-us-central1","object":"api/function-source.zip","generation":"1769919175274690"}},"environmentVariables":{"GOOGLE_NODE_RUN_SCRIPTS":""},"dockerRepository":"projects/prueba-atom-bg/locations/us-central1/repositories/gcf-artifacts","sourceProvenance":{"resolvedStorageSource":{"bucket":"gcf-v2-sources-1083236146837-us-central1","object":"api/function-source.zip","generation":"1769826997964108"}},"dockerRegistry":"ARTIFACT_REGISTRY","serviceAccount":"projects/prueba-atom-bg/serviceAccounts/1083236146837-compute@developer.gserviceaccount.com","automaticUpdatePolicy":{}},"serviceConfig":{"service":"projects/prueba-atom-bg/locations/us-central1/services/api","timeoutSeconds":60,"environmentVariables":{"EMAIL":"correo@gmail.com","PASSWORD":"","API_KEY":"","FIREBASE_CONFIG":"{\"projectId\":\"prueba-atom-bg\",\"storageBucket\":\"prueba-atom-bg.firebasestorage.app\"}","GCLOUD_PROJECT":"prueba-atom-bg","EVENTARC_CLOUD_EVENT_SOURCE":"projects/prueba-atom-bg/locations/us-central1/services/api","FUNCTION_TARGET":"api","LOG_EXECUTION_ID":"true"},"maxInstanceCount":10,"ingressSettings":"ALLOW_ALL","uri":"https://api-gl2fydetlq-uc.a.run.app","serviceAccountEmail":"1083236146837-compute@developer.gserviceaccount.com","availableMemory":"256Mi","allTrafficOnLatestRevision":true,"revision":"api-00003-quj","maxInstanceRequestConcurrency":80,"availableCpu":"1"},"state":"ACTIVE","labels":{"deployment-tool":"cli-firebase","firebase-functions-hash":"4158360c01dc5f7cc5e273d461deb2546378a09d"},"environment":"GEN_2","url":"https://us-central1-prueba-atom-bg.cloudfunctions.net/api","satisfiesPzi":true},"stages":[{"name":"BUILD","message":"Build in progress","state":"IN_PROGRESS","resource":"projects/1083236146837/locations/us-central1/builds/1e5abddb-4017-4de6-b244-22d855ad02e7","resourceUri":"https://console.cloud.google.com/cloud-build/builds;region=us-central1/1e5abddb-4017-4de6-b244-22d855ad02e7?project=1083236146837"},{"name":"SERVICE","state":"NOT_STARTED"}],"operationType":"UPDATE_FUNCTION","buildName":"projects/1083236146837/locations/us-central1/builds/1e5abddb-4017-4de6-b244-22d855ad02e7"},"done":false}
[debug] [2026-02-01T04:12:57.376Z] [update-default-us-central1-api] Retrying task index 0
[debug] [2026-02-01T04:12:57.377Z] Checked if tokens are valid: true, expires at: 1769922756065
[debug] [2026-02-01T04:12:57.378Z] Checked if tokens are valid: true, expires at: 1769922756065
[debug] [2026-02-01T04:12:57.378Z] >>> [apiv2][query] GET https://cloudfunctions.googleapis.com/v2/projects/prueba-atom-bg/locations/us-central1/operations/operation-1769919174521-649bb6badb1c6-a6b86ea0-d0a037bd [none]
[debug] [2026-02-01T04:12:57.649Z] <<< [apiv2][status] GET https://cloudfunctions.googleapis.com/v2/projects/prueba-atom-bg/locations/us-central1/operations/operation-1769919174521-649bb6badb1c6-a6b86ea0-d0a037bd 200
[debug] [2026-02-01T04:12:57.650Z] <<< [apiv2][body] GET https://cloudfunctions.googleapis.com/v2/projects/prueba-atom-bg/locations/us-central1/operations/operation-1769919174521-649bb6badb1c6-a6b86ea0-d0a037bd {"name":"projects/prueba-atom-bg/locations/us-central1/operations/operation-1769919174521-649bb6badb1c6-a6b86ea0-d0a037bd","metadata":{"@type":"type.googleapis.com/google.cloud.functions.v2.OperationMetadata","createTime":"2026-02-01T04:12:55.321838346Z","target":"projects/prueba-atom-bg/locations/us-central1/functions/api","verb":"update","cancelRequested":false,"apiVersion":"v2","requestResource":{"@type":"type.googleapis.com/google.cloud.functions.v2.Function","name":"projects/prueba-atom-bg/locations/us-central1/functions/api","buildConfig":{"runtime":"nodejs22","entryPoint":"api","source":{"storageSource":{"bucket":"gcf-v2-sources-1083236146837-us-central1","object":"api/function-source.zip","generation":"1769919175274690"}},"environmentVariables":{"GOOGLE_NODE_RUN_SCRIPTS":""},"dockerRepository":"projects/prueba-atom-bg/locations/us-central1/repositories/gcf-artifacts","sourceProvenance":{"resolvedStorageSource":{"bucket":"gcf-v2-sources-1083236146837-us-central1","object":"api/function-source.zip","generation":"1769826997964108"}},"dockerRegistry":"ARTIFACT_REGISTRY","serviceAccount":"projects/prueba-atom-bg/serviceAccounts/1083236146837-compute@developer.gserviceaccount.com","automaticUpdatePolicy":{}},"serviceConfig":{"service":"projects/prueba-atom-bg/locations/us-central1/services/api","timeoutSeconds":60,"environmentVariables":{"EMAIL":"correo@gmail.com","PASSWORD":"","API_KEY":"","FIREBASE_CONFIG":"{\"projectId\":\"prueba-atom-bg\",\"storageBucket\":\"prueba-atom-bg.firebasestorage.app\"}","GCLOUD_PROJECT":"prueba-atom-bg","EVENTARC_CLOUD_EVENT_SOURCE":"projects/prueba-atom-bg/locations/us-central1/services/api","FUNCTION_TARGET":"api","LOG_EXECUTION_ID":"true"},"maxInstanceCount":10,"ingressSettings":"ALLOW_ALL","uri":"https://api-gl2fydetlq-uc.a.run.app","serviceAccountEmail":"1083236146837-compute@developer.gserviceaccount.com","availableMemory":"256Mi","allTrafficOnLatestRevision":true,"revision":"api-00003-quj","maxInstanceRequestConcurrency":80,"availableCpu":"1"},"state":"ACTIVE","labels":{"deployment-tool":"cli-firebase","firebase-functions-hash":"4158360c01dc5f7cc5e273d461deb2546378a09d"},"environment":"GEN_2","url":"https://us-central1-prueba-atom-bg.cloudfunctions.net/api","satisfiesPzi":true},"stages":[{"name":"BUILD","message":"Build in progress","state":"IN_PROGRESS","resource":"projects/1083236146837/locations/us-central1/builds/1e5abddb-4017-4de6-b244-22d855ad02e7","resourceUri":"https://console.cloud.google.com/cloud-build/builds;region=us-central1/1e5abddb-4017-4de6-b244-22d855ad02e7?project=1083236146837"},{"name":"SERVICE","state":"NOT_STARTED"}],"operationType":"UPDATE_FUNCTION","buildName":"projects/1083236146837/locations/us-central1/builds/1e5abddb-4017-4de6-b244-22d855ad02e7"},"done":false}
[debug] [2026-02-01T04:12:59.651Z] [update-default-us-central1-api] Retrying task index 0
[debug] [2026-02-01T04:12:59.652Z] Checked if tokens are valid: true, expires at: 1769922756065
[debug] [2026-02-01T04:12:59.652Z] Checked if tokens are valid: true, expires at: 1769922756065
[debug] [2026-02-01T04:12:59.652Z] >>> [apiv2][query] GET https://cloudfunctions.googleapis.com/v2/projects/prueba-atom-bg/locations/us-central1/operations/operation-1769919174521-649bb6badb1c6-a6b86ea0-d0a037bd [none]
[debug] [2026-02-01T04:12:59.792Z] <<< [apiv2][status] GET https://cloudfunctions.googleapis.com/v2/projects/prueba-atom-bg/locations/us-central1/operations/operation-1769919174521-649bb6badb1c6-a6b86ea0-d0a037bd 200
[debug] [2026-02-01T04:12:59.792Z] <<< [apiv2][body] GET https://cloudfunctions.googleapis.com/v2/projects/prueba-atom-bg/locations/us-central1/operations/operation-1769919174521-649bb6badb1c6-a6b86ea0-d0a037bd {"name":"projects/prueba-atom-bg/locations/us-central1/operations/operation-1769919174521-649bb6badb1c6-a6b86ea0-d0a037bd","metadata":{"@type":"type.googleapis.com/google.cloud.functions.v2.OperationMetadata","createTime":"2026-02-01T04:12:55.321838346Z","target":"projects/prueba-atom-bg/locations/us-central1/functions/api","verb":"update","cancelRequested":false,"apiVersion":"v2","requestResource":{"@type":"type.googleapis.com/google.cloud.functions.v2.Function","name":"projects/prueba-atom-bg/locations/us-central1/functions/api","buildConfig":{"runtime":"nodejs22","entryPoint":"api","source":{"storageSource":{"bucket":"gcf-v2-sources-1083236146837-us-central1","object":"api/function-source.zip","generation":"1769919175274690"}},"environmentVariables":{"GOOGLE_NODE_RUN_SCRIPTS":""},"dockerRepository":"projects/prueba-atom-bg/locations/us-central1/repositories/gcf-artifacts","sourceProvenance":{"resolvedStorageSource":{"bucket":"gcf-v2-sources-1083236146837-us-central1","object":"api/function-source.zip","generation":"1769826997964108"}},"dockerRegistry":"ARTIFACT_REGISTRY","serviceAccount":"projects/prueba-atom-bg/serviceAccounts/1083236146837-compute@developer.gserviceaccount.com","automaticUpdatePolicy":{}},"serviceConfig":{"service":"projects/prueba-atom-bg/locations/us-central1/services/api","timeoutSeconds":60,"environmentVariables":{"EMAIL":"correo@gmail.com","PASSWORD":"","API_KEY":"","FIREBASE_CONFIG":"{\"projectId\":\"prueba-atom-bg\",\"storageBucket\":\"prueba-atom-bg.firebasestorage.app\"}","GCLOUD_PROJECT":"prueba-atom-bg","EVENTARC_CLOUD_EVENT_SOURCE":"projects/prueba-atom-bg/locations/us-central1/services/api","FUNCTION_TARGET":"api","LOG_EXECUTION_ID":"true"},"maxInstanceCount":10,"ingressSettings":"ALLOW_ALL","uri":"https://api-gl2fydetlq-uc.a.run.app","serviceAccountEmail":"1083236146837-compute@developer.gserviceaccount.com","availableMemory":"256Mi","allTrafficOnLatestRevision":true,"revision":"api-00003-quj","maxInstanceRequestConcurrency":80,"availableCpu":"1"},"state":"ACTIVE","labels":{"deployment-tool":"cli-firebase","firebase-functions-hash":"4158360c01dc5f7cc5e273d461deb2546378a09d"},"environment":"GEN_2","url":"https://us-central1-prueba-atom-bg.cloudfunctions.net/api","satisfiesPzi":true},"stages":[{"name":"BUILD","message":"Build in progress","state":"IN_PROGRESS","resource":"projects/1083236146837/locations/us-central1/builds/1e5abddb-4017-4de6-b244-22d855ad02e7","resourceUri":"https://console.cloud.google.com/cloud-build/builds;region=us-central1/1e5abddb-4017-4de6-b244-22d855ad02e7?project=1083236146837"},{"name":"SERVICE","state":"NOT_STARTED"}],"operationType":"UPDATE_FUNCTION","buildName":"projects/1083236146837/locations/us-central1/builds/1e5abddb-4017-4de6-b244-22d855ad02e7"},"done":false}
[debug] [2026-02-01T04:13:03.794Z] [update-default-us-central1-api] Retrying task index 0
[debug] [2026-02-01T04:13:03.795Z] Checked if tokens are valid: true, expires at: 1769922756065
[debug] [2026-02-01T04:13:03.795Z] Checked if tokens are valid: true, expires at: 1769922756065
[debug] [2026-02-01T04:13:03.796Z] >>> [apiv2][query] GET https://cloudfunctions.googleapis.com/v2/projects/prueba-atom-bg/locations/us-central1/operations/operation-1769919174521-649bb6badb1c6-a6b86ea0-d0a037bd [none]
[debug] [2026-02-01T04:13:04.193Z] <<< [apiv2][status] GET https://cloudfunctions.googleapis.com/v2/projects/prueba-atom-bg/locations/us-central1/operations/operation-1769919174521-649bb6badb1c6-a6b86ea0-d0a037bd 200
[debug] [2026-02-01T04:13:04.193Z] <<< [apiv2][body] GET https://cloudfunctions.googleapis.com/v2/projects/prueba-atom-bg/locations/us-central1/operations/operation-1769919174521-649bb6badb1c6-a6b86ea0-d0a037bd {"name":"projects/prueba-atom-bg/locations/us-central1/operations/operation-1769919174521-649bb6badb1c6-a6b86ea0-d0a037bd","metadata":{"@type":"type.googleapis.com/google.cloud.functions.v2.OperationMetadata","createTime":"2026-02-01T04:12:55.321838346Z","target":"projects/prueba-atom-bg/locations/us-central1/functions/api","verb":"update","cancelRequested":false,"apiVersion":"v2","requestResource":{"@type":"type.googleapis.com/google.cloud.functions.v2.Function","name":"projects/prueba-atom-bg/locations/us-central1/functions/api","buildConfig":{"runtime":"nodejs22","entryPoint":"api","source":{"storageSource":{"bucket":"gcf-v2-sources-1083236146837-us-central1","object":"api/function-source.zip","generation":"1769919175274690"}},"environmentVariables":{"GOOGLE_NODE_RUN_SCRIPTS":""},"dockerRepository":"projects/prueba-atom-bg/locations/us-central1/repositories/gcf-artifacts","sourceProvenance":{"resolvedStorageSource":{"bucket":"gcf-v2-sources-1083236146837-us-central1","object":"api/function-source.zip","generation":"1769826997964108"}},"dockerRegistry":"ARTIFACT_REGISTRY","serviceAccount":"projects/prueba-atom-bg/serviceAccounts/1083236146837-compute@developer.gserviceaccount.com","automaticUpdatePolicy":{}},"serviceConfig":{"service":"projects/prueba-atom-bg/locations/us-central1/services/api","timeoutSeconds":60,"environmentVariables":{"EMAIL":"correo@gmail.com","PASSWORD":"","API_KEY":"","FIREBASE_CONFIG":"{\"projectId\":\"prueba-atom-bg\",\"storageBucket\":\"prueba-atom-bg.firebasestorage.app\"}","GCLOUD_PROJECT":"prueba-atom-bg","EVENTARC_CLOUD_EVENT_SOURCE":"projects/prueba-atom-bg/locations/us-central1/services/api","FUNCTION_TARGET":"api","LOG_EXECUTION_ID":"true"},"maxInstanceCount":10,"ingressSettings":"ALLOW_ALL","uri":"https://api-gl2fydetlq-uc.a.run.app","serviceAccountEmail":"1083236146837-compute@developer.gserviceaccount.com","availableMemory":"256Mi","allTrafficOnLatestRevision":true,"revision":"api-00003-quj","maxInstanceRequestConcurrency":80,"availableCpu":"1"},"state":"ACTIVE","labels":{"deployment-tool":"cli-firebase","firebase-functions-hash":"4158360c01dc5f7cc5e273d461deb2546378a09d"},"environment":"GEN_2","url":"https://us-central1-prueba-atom-bg.cloudfunctions.net/api","satisfiesPzi":true},"stages":[{"name":"BUILD","message":"Build in progress","state":"IN_PROGRESS","resource":"projects/1083236146837/locations/us-central1/builds/1e5abddb-4017-4de6-b244-22d855ad02e7","resourceUri":"https://console.cloud.google.com/cloud-build/builds;region=us-central1/1e5abddb-4017-4de6-b244-22d855ad02e7?project=1083236146837"},{"name":"SERVICE","state":"NOT_STARTED"}],"operationType":"UPDATE_FUNCTION","buildName":"projects/1083236146837/locations/us-central1/builds/1e5abddb-4017-4de6-b244-22d855ad02e7"},"done":false}
[debug] [2026-02-01T04:13:12.196Z] [update-default-us-central1-api] Retrying task index 0
[debug] [2026-02-01T04:13:12.198Z] Checked if tokens are valid: true, expires at: 1769922756065
[debug] [2026-02-01T04:13:12.199Z] Checked if tokens are valid: true, expires at: 1769922756065
[debug] [2026-02-01T04:13:12.199Z] >>> [apiv2][query] GET https://cloudfunctions.googleapis.com/v2/projects/prueba-atom-bg/locations/us-central1/operations/operation-1769919174521-649bb6badb1c6-a6b86ea0-d0a037bd [none]
[debug] [2026-02-01T04:13:12.694Z] <<< [apiv2][status] GET https://cloudfunctions.googleapis.com/v2/projects/prueba-atom-bg/locations/us-central1/operations/operation-1769919174521-649bb6badb1c6-a6b86ea0-d0a037bd 200
[debug] [2026-02-01T04:13:12.694Z] <<< [apiv2][body] GET https://cloudfunctions.googleapis.com/v2/projects/prueba-atom-bg/locations/us-central1/operations/operation-1769919174521-649bb6badb1c6-a6b86ea0-d0a037bd {"name":"projects/prueba-atom-bg/locations/us-central1/operations/operation-1769919174521-649bb6badb1c6-a6b86ea0-d0a037bd","metadata":{"@type":"type.googleapis.com/google.cloud.functions.v2.OperationMetadata","createTime":"2026-02-01T04:12:55.321838346Z","target":"projects/prueba-atom-bg/locations/us-central1/functions/api","verb":"update","cancelRequested":false,"apiVersion":"v2","requestResource":{"@type":"type.googleapis.com/google.cloud.functions.v2.Function","name":"projects/prueba-atom-bg/locations/us-central1/functions/api","buildConfig":{"runtime":"nodejs22","entryPoint":"api","source":{"storageSource":{"bucket":"gcf-v2-sources-1083236146837-us-central1","object":"api/function-source.zip","generation":"1769919175274690"}},"environmentVariables":{"GOOGLE_NODE_RUN_SCRIPTS":""},"dockerRepository":"projects/prueba-atom-bg/locations/us-central1/repositories/gcf-artifacts","sourceProvenance":{"resolvedStorageSource":{"bucket":"gcf-v2-sources-1083236146837-us-central1","object":"api/function-source.zip","generation":"1769826997964108"}},"dockerRegistry":"ARTIFACT_REGISTRY","serviceAccount":"projects/prueba-atom-bg/serviceAccounts/1083236146837-compute@developer.gserviceaccount.com","automaticUpdatePolicy":{}},"serviceConfig":{"service":"projects/prueba-atom-bg/locations/us-central1/services/api","timeoutSeconds":60,"environmentVariables":{"EMAIL":"correo@gmail.com","PASSWORD":"","API_KEY":"","FIREBASE_CONFIG":"{\"projectId\":\"prueba-atom-bg\",\"storageBucket\":\"prueba-atom-bg.firebasestorage.app\"}","GCLOUD_PROJECT":"prueba-atom-bg","EVENTARC_CLOUD_EVENT_SOURCE":"projects/prueba-atom-bg/locations/us-central1/services/api","FUNCTION_TARGET":"api","LOG_EXECUTION_ID":"true"},"maxInstanceCount":10,"ingressSettings":"ALLOW_ALL","uri":"https://api-gl2fydetlq-uc.a.run.app","serviceAccountEmail":"1083236146837-compute@developer.gserviceaccount.com","availableMemory":"256Mi","allTrafficOnLatestRevision":true,"revision":"api-00003-quj","maxInstanceRequestConcurrency":80,"availableCpu":"1"},"state":"ACTIVE","labels":{"deployment-tool":"cli-firebase","firebase-functions-hash":"4158360c01dc5f7cc5e273d461deb2546378a09d"},"environment":"GEN_2","url":"https://us-central1-prueba-atom-bg.cloudfunctions.net/api","satisfiesPzi":true},"stages":[{"name":"BUILD","message":"Build in progress","state":"IN_PROGRESS","resource":"projects/1083236146837/locations/us-central1/builds/1e5abddb-4017-4de6-b244-22d855ad02e7","resourceUri":"https://console.cloud.google.com/cloud-build/builds;region=us-central1/1e5abddb-4017-4de6-b244-22d855ad02e7?project=1083236146837"},{"name":"SERVICE","state":"NOT_STARTED"}],"operationType":"UPDATE_FUNCTION","buildName":"projects/1083236146837/locations/us-central1/builds/1e5abddb-4017-4de6-b244-22d855ad02e7"},"done":false}
[debug] [2026-02-01T04:13:22.696Z] [update-default-us-central1-api] Retrying task index 0
[debug] [2026-02-01T04:13:22.698Z] Checked if tokens are valid: true, expires at: 1769922756065
[debug] [2026-02-01T04:13:22.698Z] Checked if tokens are valid: true, expires at: 1769922756065
[debug] [2026-02-01T04:13:22.698Z] >>> [apiv2][query] GET https://cloudfunctions.googleapis.com/v2/projects/prueba-atom-bg/locations/us-central1/operations/operation-1769919174521-649bb6badb1c6-a6b86ea0-d0a037bd [none]
[debug] [2026-02-01T04:13:23.126Z] <<< [apiv2][status] GET https://cloudfunctions.googleapis.com/v2/projects/prueba-atom-bg/locations/us-central1/operations/operation-1769919174521-649bb6badb1c6-a6b86ea0-d0a037bd 200
[debug] [2026-02-01T04:13:23.126Z] <<< [apiv2][body] GET https://cloudfunctions.googleapis.com/v2/projects/prueba-atom-bg/locations/us-central1/operations/operation-1769919174521-649bb6badb1c6-a6b86ea0-d0a037bd {"name":"projects/prueba-atom-bg/locations/us-central1/operations/operation-1769919174521-649bb6badb1c6-a6b86ea0-d0a037bd","metadata":{"@type":"type.googleapis.com/google.cloud.functions.v2.OperationMetadata","createTime":"2026-02-01T04:12:55.321838346Z","target":"projects/prueba-atom-bg/locations/us-central1/functions/api","verb":"update","cancelRequested":false,"apiVersion":"v2","requestResource":{"@type":"type.googleapis.com/google.cloud.functions.v2.Function","name":"projects/prueba-atom-bg/locations/us-central1/functions/api","buildConfig":{"runtime":"nodejs22","entryPoint":"api","source":{"storageSource":{"bucket":"gcf-v2-sources-1083236146837-us-central1","object":"api/function-source.zip","generation":"1769919175274690"}},"environmentVariables":{"GOOGLE_NODE_RUN_SCRIPTS":""},"dockerRepository":"projects/prueba-atom-bg/locations/us-central1/repositories/gcf-artifacts","sourceProvenance":{"resolvedStorageSource":{"bucket":"gcf-v2-sources-1083236146837-us-central1","object":"api/function-source.zip","generation":"1769826997964108"}},"dockerRegistry":"ARTIFACT_REGISTRY","serviceAccount":"projects/prueba-atom-bg/serviceAccounts/1083236146837-compute@developer.gserviceaccount.com","automaticUpdatePolicy":{}},"serviceConfig":{"service":"projects/prueba-atom-bg/locations/us-central1/services/api","timeoutSeconds":60,"environmentVariables":{"EMAIL":"correo@gmail.com","PASSWORD":"","API_KEY":"","FIREBASE_CONFIG":"{\"projectId\":\"prueba-atom-bg\",\"storageBucket\":\"prueba-atom-bg.firebasestorage.app\"}","GCLOUD_PROJECT":"prueba-atom-bg","EVENTARC_CLOUD_EVENT_SOURCE":"projects/prueba-atom-bg/locations/us-central1/services/api","FUNCTION_TARGET":"api","LOG_EXECUTION_ID":"true"},"maxInstanceCount":10,"ingressSettings":"ALLOW_ALL","uri":"https://api-gl2fydetlq-uc.a.run.app","serviceAccountEmail":"1083236146837-compute@developer.gserviceaccount.com","availableMemory":"256Mi","allTrafficOnLatestRevision":true,"revision":"api-00003-quj","maxInstanceRequestConcurrency":80,"availableCpu":"1"},"state":"ACTIVE","labels":{"deployment-tool":"cli-firebase","firebase-functions-hash":"4158360c01dc5f7cc5e273d461deb2546378a09d"},"environment":"GEN_2","url":"https://us-central1-prueba-atom-bg.cloudfunctions.net/api","satisfiesPzi":true},"stages":[{"name":"BUILD","message":"Build in progress","state":"IN_PROGRESS","resource":"projects/1083236146837/locations/us-central1/builds/1e5abddb-4017-4de6-b244-22d855ad02e7","resourceUri":"https://console.cloud.google.com/cloud-build/builds;region=us-central1/1e5abddb-4017-4de6-b244-22d855ad02e7?project=1083236146837"},{"name":"SERVICE","state":"NOT_STARTED"}],"operationType":"UPDATE_FUNCTION","buildName":"projects/1083236146837/locations/us-central1/builds/1e5abddb-4017-4de6-b244-22d855ad02e7"},"done":false}
[debug] [2026-02-01T04:13:33.129Z] [update-default-us-central1-api] Retrying task index 0
[debug] [2026-02-01T04:13:33.130Z] Checked if tokens are valid: true, expires at: 1769922756065
[debug] [2026-02-01T04:13:33.130Z] Checked if tokens are valid: true, expires at: 1769922756065
[debug] [2026-02-01T04:13:33.130Z] >>> [apiv2][query] GET https://cloudfunctions.googleapis.com/v2/projects/prueba-atom-bg/locations/us-central1/operations/operation-1769919174521-649bb6badb1c6-a6b86ea0-d0a037bd [none]
[debug] [2026-02-01T04:13:33.369Z] <<< [apiv2][status] GET https://cloudfunctions.googleapis.com/v2/projects/prueba-atom-bg/locations/us-central1/operations/operation-1769919174521-649bb6badb1c6-a6b86ea0-d0a037bd 200
[debug] [2026-02-01T04:13:33.370Z] <<< [apiv2][body] GET https://cloudfunctions.googleapis.com/v2/projects/prueba-atom-bg/locations/us-central1/operations/operation-1769919174521-649bb6badb1c6-a6b86ea0-d0a037bd {"name":"projects/prueba-atom-bg/locations/us-central1/operations/operation-1769919174521-649bb6badb1c6-a6b86ea0-d0a037bd","metadata":{"@type":"type.googleapis.com/google.cloud.functions.v2.OperationMetadata","createTime":"2026-02-01T04:12:55.321838346Z","target":"projects/prueba-atom-bg/locations/us-central1/functions/api","verb":"update","cancelRequested":false,"apiVersion":"v2","requestResource":{"@type":"type.googleapis.com/google.cloud.functions.v2.Function","name":"projects/prueba-atom-bg/locations/us-central1/functions/api","buildConfig":{"runtime":"nodejs22","entryPoint":"api","source":{"storageSource":{"bucket":"gcf-v2-sources-1083236146837-us-central1","object":"api/function-source.zip","generation":"1769919175274690"}},"environmentVariables":{"GOOGLE_NODE_RUN_SCRIPTS":""},"dockerRepository":"projects/prueba-atom-bg/locations/us-central1/repositories/gcf-artifacts","sourceProvenance":{"resolvedStorageSource":{"bucket":"gcf-v2-sources-1083236146837-us-central1","object":"api/function-source.zip","generation":"1769826997964108"}},"dockerRegistry":"ARTIFACT_REGISTRY","serviceAccount":"projects/prueba-atom-bg/serviceAccounts/1083236146837-compute@developer.gserviceaccount.com","automaticUpdatePolicy":{}},"serviceConfig":{"service":"projects/prueba-atom-bg/locations/us-central1/services/api","timeoutSeconds":60,"environmentVariables":{"EMAIL":"correo@gmail.com","PASSWORD":"","API_KEY":"","FIREBASE_CONFIG":"{\"projectId\":\"prueba-atom-bg\",\"storageBucket\":\"prueba-atom-bg.firebasestorage.app\"}","GCLOUD_PROJECT":"prueba-atom-bg","EVENTARC_CLOUD_EVENT_SOURCE":"projects/prueba-atom-bg/locations/us-central1/services/api","FUNCTION_TARGET":"api","LOG_EXECUTION_ID":"true"},"maxInstanceCount":10,"ingressSettings":"ALLOW_ALL","uri":"https://api-gl2fydetlq-uc.a.run.app","serviceAccountEmail":"1083236146837-compute@developer.gserviceaccount.com","availableMemory":"256Mi","allTrafficOnLatestRevision":true,"revision":"api-00003-quj","maxInstanceRequestConcurrency":80,"availableCpu":"1"},"state":"ACTIVE","labels":{"deployment-tool":"cli-firebase","firebase-functions-hash":"4158360c01dc5f7cc5e273d461deb2546378a09d"},"environment":"GEN_2","url":"https://us-central1-prueba-atom-bg.cloudfunctions.net/api","satisfiesPzi":true},"stages":[{"name":"BUILD","message":"Build in progress","state":"IN_PROGRESS","resource":"projects/1083236146837/locations/us-central1/builds/1e5abddb-4017-4de6-b244-22d855ad02e7","resourceUri":"https://console.cloud.google.com/cloud-build/builds;region=us-central1/1e5abddb-4017-4de6-b244-22d855ad02e7?project=1083236146837"},{"name":"SERVICE","state":"NOT_STARTED"}],"operationType":"UPDATE_FUNCTION","buildName":"projects/1083236146837/locations/us-central1/builds/1e5abddb-4017-4de6-b244-22d855ad02e7"},"done":false}
[debug] [2026-02-01T04:13:43.371Z] [update-default-us-central1-api] Retrying task index 0
[debug] [2026-02-01T04:13:43.372Z] Checked if tokens are valid: true, expires at: 1769922756065
[debug] [2026-02-01T04:13:43.373Z] Checked if tokens are valid: true, expires at: 1769922756065
[debug] [2026-02-01T04:13:43.373Z] >>> [apiv2][query] GET https://cloudfunctions.googleapis.com/v2/projects/prueba-atom-bg/locations/us-central1/operations/operation-1769919174521-649bb6badb1c6-a6b86ea0-d0a037bd [none]
[debug] [2026-02-01T04:13:43.823Z] <<< [apiv2][status] GET https://cloudfunctions.googleapis.com/v2/projects/prueba-atom-bg/locations/us-central1/operations/operation-1769919174521-649bb6badb1c6-a6b86ea0-d0a037bd 200
[debug] [2026-02-01T04:13:43.823Z] <<< [apiv2][body] GET https://cloudfunctions.googleapis.com/v2/projects/prueba-atom-bg/locations/us-central1/operations/operation-1769919174521-649bb6badb1c6-a6b86ea0-d0a037bd {"name":"projects/prueba-atom-bg/locations/us-central1/operations/operation-1769919174521-649bb6badb1c6-a6b86ea0-d0a037bd","metadata":{"@type":"type.googleapis.com/google.cloud.functions.v2.OperationMetadata","createTime":"2026-02-01T04:12:55.321838346Z","target":"projects/prueba-atom-bg/locations/us-central1/functions/api","verb":"update","cancelRequested":false,"apiVersion":"v2","requestResource":{"@type":"type.googleapis.com/google.cloud.functions.v2.Function","name":"projects/prueba-atom-bg/locations/us-central1/functions/api","buildConfig":{"runtime":"nodejs22","entryPoint":"api","source":{"storageSource":{"bucket":"gcf-v2-sources-1083236146837-us-central1","object":"api/function-source.zip","generation":"1769919175274690"}},"environmentVariables":{"GOOGLE_NODE_RUN_SCRIPTS":""},"dockerRepository":"projects/prueba-atom-bg/locations/us-central1/repositories/gcf-artifacts","sourceProvenance":{"resolvedStorageSource":{"bucket":"gcf-v2-sources-1083236146837-us-central1","object":"api/function-source.zip","generation":"1769826997964108"}},"dockerRegistry":"ARTIFACT_REGISTRY","serviceAccount":"projects/prueba-atom-bg/serviceAccounts/1083236146837-compute@developer.gserviceaccount.com","automaticUpdatePolicy":{}},"serviceConfig":{"service":"projects/prueba-atom-bg/locations/us-central1/services/api","timeoutSeconds":60,"environmentVariables":{"EMAIL":"correo@gmail.com","PASSWORD":"","API_KEY":"","FIREBASE_CONFIG":"{\"projectId\":\"prueba-atom-bg\",\"storageBucket\":\"prueba-atom-bg.firebasestorage.app\"}","GCLOUD_PROJECT":"prueba-atom-bg","EVENTARC_CLOUD_EVENT_SOURCE":"projects/prueba-atom-bg/locations/us-central1/services/api","FUNCTION_TARGET":"api","LOG_EXECUTION_ID":"true"},"maxInstanceCount":10,"ingressSettings":"ALLOW_ALL","uri":"https://api-gl2fydetlq-uc.a.run.app","serviceAccountEmail":"1083236146837-compute@developer.gserviceaccount.com","availableMemory":"256Mi","allTrafficOnLatestRevision":true,"revision":"api-00003-quj","maxInstanceRequestConcurrency":80,"availableCpu":"1"},"state":"ACTIVE","labels":{"deployment-tool":"cli-firebase","firebase-functions-hash":"4158360c01dc5f7cc5e273d461deb2546378a09d"},"environment":"GEN_2","url":"https://us-central1-prueba-atom-bg.cloudfunctions.net/api","satisfiesPzi":true},"stages":[{"name":"BUILD","message":"Build in progress","state":"IN_PROGRESS","resource":"projects/1083236146837/locations/us-central1/builds/1e5abddb-4017-4de6-b244-22d855ad02e7","resourceUri":"https://console.cloud.google.com/cloud-build/builds;region=us-central1/1e5abddb-4017-4de6-b244-22d855ad02e7?project=1083236146837"},{"name":"SERVICE","state":"NOT_STARTED"}],"operationType":"UPDATE_FUNCTION","buildName":"projects/1083236146837/locations/us-central1/builds/1e5abddb-4017-4de6-b244-22d855ad02e7"},"done":false}
[debug] [2026-02-01T04:13:53.828Z] [update-default-us-central1-api] Retrying task index 0
[debug] [2026-02-01T04:13:53.831Z] Checked if tokens are valid: true, expires at: 1769922756065
[debug] [2026-02-01T04:13:53.831Z] Checked if tokens are valid: true, expires at: 1769922756065
[debug] [2026-02-01T04:13:53.831Z] >>> [apiv2][query] GET https://cloudfunctions.googleapis.com/v2/projects/prueba-atom-bg/locations/us-central1/operations/operation-1769919174521-649bb6badb1c6-a6b86ea0-d0a037bd [none]
[debug] [2026-02-01T04:13:54.178Z] <<< [apiv2][status] GET https://cloudfunctions.googleapis.com/v2/projects/prueba-atom-bg/locations/us-central1/operations/operation-1769919174521-649bb6badb1c6-a6b86ea0-d0a037bd 200
[debug] [2026-02-01T04:13:54.178Z] <<< [apiv2][body] GET https://cloudfunctions.googleapis.com/v2/projects/prueba-atom-bg/locations/us-central1/operations/operation-1769919174521-649bb6badb1c6-a6b86ea0-d0a037bd {"name":"projects/prueba-atom-bg/locations/us-central1/operations/operation-1769919174521-649bb6badb1c6-a6b86ea0-d0a037bd","metadata":{"@type":"type.googleapis.com/google.cloud.functions.v2.OperationMetadata","createTime":"2026-02-01T04:12:55.321838346Z","target":"projects/prueba-atom-bg/locations/us-central1/functions/api","verb":"update","cancelRequested":false,"apiVersion":"v2","requestResource":{"@type":"type.googleapis.com/google.cloud.functions.v2.Function","name":"projects/prueba-atom-bg/locations/us-central1/functions/api","buildConfig":{"runtime":"nodejs22","entryPoint":"api","source":{"storageSource":{"bucket":"gcf-v2-sources-1083236146837-us-central1","object":"api/function-source.zip","generation":"1769919175274690"}},"environmentVariables":{"GOOGLE_NODE_RUN_SCRIPTS":""},"dockerRepository":"projects/prueba-atom-bg/locations/us-central1/repositories/gcf-artifacts","sourceProvenance":{"resolvedStorageSource":{"bucket":"gcf-v2-sources-1083236146837-us-central1","object":"api/function-source.zip","generation":"1769826997964108"}},"dockerRegistry":"ARTIFACT_REGISTRY","serviceAccount":"projects/prueba-atom-bg/serviceAccounts/1083236146837-compute@developer.gserviceaccount.com","automaticUpdatePolicy":{}},"serviceConfig":{"service":"projects/prueba-atom-bg/locations/us-central1/services/api","timeoutSeconds":60,"environmentVariables":{"EMAIL":"correo@gmail.com","PASSWORD":"","API_KEY":"","FIREBASE_CONFIG":"{\"projectId\":\"prueba-atom-bg\",\"storageBucket\":\"prueba-atom-bg.firebasestorage.app\"}","GCLOUD_PROJECT":"prueba-atom-bg","EVENTARC_CLOUD_EVENT_SOURCE":"projects/prueba-atom-bg/locations/us-central1/services/api","FUNCTION_TARGET":"api","LOG_EXECUTION_ID":"true"},"maxInstanceCount":10,"ingressSettings":"ALLOW_ALL","uri":"https://api-gl2fydetlq-uc.a.run.app","serviceAccountEmail":"1083236146837-compute@developer.gserviceaccount.com","availableMemory":"256Mi","allTrafficOnLatestRevision":true,"revision":"api-00003-quj","maxInstanceRequestConcurrency":80,"availableCpu":"1"},"state":"ACTIVE","labels":{"deployment-tool":"cli-firebase","firebase-functions-hash":"4158360c01dc5f7cc5e273d461deb2546378a09d"},"environment":"GEN_2","url":"https://us-central1-prueba-atom-bg.cloudfunctions.net/api","satisfiesPzi":true},"stages":[{"name":"BUILD","message":"Build in progress","state":"IN_PROGRESS","resource":"projects/1083236146837/locations/us-central1/builds/1e5abddb-4017-4de6-b244-22d855ad02e7","resourceUri":"https://console.cloud.google.com/cloud-build/builds;region=us-central1/1e5abddb-4017-4de6-b244-22d855ad02e7?project=1083236146837"},{"name":"SERVICE","state":"NOT_STARTED"}],"operationType":"UPDATE_FUNCTION","buildName":"projects/1083236146837/locations/us-central1/builds/1e5abddb-4017-4de6-b244-22d855ad02e7"},"done":false}
[debug] [2026-02-01T04:14:04.180Z] [update-default-us-central1-api] Retrying task index 0
[debug] [2026-02-01T04:14:04.182Z] Checked if tokens are valid: true, expires at: 1769922756065
[debug] [2026-02-01T04:14:04.182Z] Checked if tokens are valid: true, expires at: 1769922756065
[debug] [2026-02-01T04:14:04.183Z] >>> [apiv2][query] GET https://cloudfunctions.googleapis.com/v2/projects/prueba-atom-bg/locations/us-central1/operations/operation-1769919174521-649bb6badb1c6-a6b86ea0-d0a037bd [none]
[debug] [2026-02-01T04:14:04.540Z] <<< [apiv2][status] GET https://cloudfunctions.googleapis.com/v2/projects/prueba-atom-bg/locations/us-central1/operations/operation-1769919174521-649bb6badb1c6-a6b86ea0-d0a037bd 200
[debug] [2026-02-01T04:14:04.541Z] <<< [apiv2][body] GET https://cloudfunctions.googleapis.com/v2/projects/prueba-atom-bg/locations/us-central1/operations/operation-1769919174521-649bb6badb1c6-a6b86ea0-d0a037bd {"name":"projects/prueba-atom-bg/locations/us-central1/operations/operation-1769919174521-649bb6badb1c6-a6b86ea0-d0a037bd","metadata":{"@type":"type.googleapis.com/google.cloud.functions.v2.OperationMetadata","createTime":"2026-02-01T04:12:55.321838346Z","endTime":"2026-02-01T04:14:03.398003073Z","target":"projects/prueba-atom-bg/locations/us-central1/functions/api","verb":"update","cancelRequested":false,"apiVersion":"v2","requestResource":{"@type":"type.googleapis.com/google.cloud.functions.v2.Function","name":"projects/prueba-atom-bg/locations/us-central1/functions/api","buildConfig":{"runtime":"nodejs22","entryPoint":"api","source":{"storageSource":{"bucket":"gcf-v2-sources-1083236146837-us-central1","object":"api/function-source.zip","generation":"1769919175274690"}},"environmentVariables":{"GOOGLE_NODE_RUN_SCRIPTS":""},"dockerRepository":"projects/prueba-atom-bg/locations/us-central1/repositories/gcf-artifacts","sourceProvenance":{"resolvedStorageSource":{"bucket":"gcf-v2-sources-1083236146837-us-central1","object":"api/function-source.zip","generation":"1769826997964108"}},"dockerRegistry":"ARTIFACT_REGISTRY","serviceAccount":"projects/prueba-atom-bg/serviceAccounts/1083236146837-compute@developer.gserviceaccount.com","automaticUpdatePolicy":{}},"serviceConfig":{"service":"projects/prueba-atom-bg/locations/us-central1/services/api","timeoutSeconds":60,"environmentVariables":{"EMAIL":"correo@gmail.com","PASSWORD":"","API_KEY":"","FIREBASE_CONFIG":"{\"projectId\":\"prueba-atom-bg\",\"storageBucket\":\"prueba-atom-bg.firebasestorage.app\"}","GCLOUD_PROJECT":"prueba-atom-bg","EVENTARC_CLOUD_EVENT_SOURCE":"projects/prueba-atom-bg/locations/us-central1/services/api","FUNCTION_TARGET":"api","LOG_EXECUTION_ID":"true"},"maxInstanceCount":10,"ingressSettings":"ALLOW_ALL","uri":"https://api-gl2fydetlq-uc.a.run.app","serviceAccountEmail":"1083236146837-compute@developer.gserviceaccount.com","availableMemory":"256Mi","allTrafficOnLatestRevision":true,"revision":"api-00003-quj","maxInstanceRequestConcurrency":80,"availableCpu":"1"},"state":"ACTIVE","labels":{"deployment-tool":"cli-firebase","firebase-functions-hash":"4158360c01dc5f7cc5e273d461deb2546378a09d"},"environment":"GEN_2","url":"https://us-central1-prueba-atom-bg.cloudfunctions.net/api","satisfiesPzi":true},"stages":[{"name":"BUILD","message":"Build finished","state":"COMPLETE","resource":"projects/1083236146837/locations/us-central1/builds/1e5abddb-4017-4de6-b244-22d855ad02e7","resourceUri":"https://console.cloud.google.com/cloud-build/builds;region=us-central1/1e5abddb-4017-4de6-b244-22d855ad02e7?project=1083236146837"},{"name":"SERVICE","message":"Updating Cloud Run service","state":"COMPLETE","resource":"projects/prueba-atom-bg/locations/us-central1/services/api","resourceUri":"https://console.cloud.google.com/run/detail/us-central1/api?project=prueba-atom-bg","stateMessages":[{"severity":"INFO","type":"CloudRunServiceNewRevisionTrafficInfo","message":"A new revision will be deployed serving with 100% traffic."}]}],"sourceToken":"Clhwcm9qZWN0cy8xMDgzMjM2MTQ2ODM3L2xvY2F0aW9ucy91cy1jZW50cmFsMS9idWlsZHMvMWU1YWJkZGItNDAxNy00ZGU2LWIyNDQtMjJkODU1YWQwMmU3EmV1cy1jZW50cmFsMS1kb2NrZXIucGtnLmRldi9wcnVlYmEtYXRvbS1iZy9nY2YtYXJ0aWZhY3RzL3BydWViYS0tYXRvbS0tYmdfX3VzLS1jZW50cmFsMV9fYXBpOnZlcnNpb25fMRiVvZ+vwx8iO3Byb2plY3RzL3BydWViYS1hdG9tLWJnL2xvY2F0aW9ucy91cy1jZW50cmFsMS9mdW5jdGlvbnMvYXBpKgwIg6b7ywYQ2KOe/QIyCG5vZGVqczIyOnYKI2djci5pby9nYWUtcnVudGltZXMvbm9kZWpzMjI6c3RhYmxlEk91cy1jZW50cmFsMS1kb2NrZXIucGtnLmRldi9zZXJ2ZXJsZXNzLXJ1bnRpbWVzL2dvb2dsZS0yMi1mdWxsL3J1bnRpbWVzL25vZGVqczIyQAE=","operationType":"UPDATE_FUNCTION","buildName":"projects/1083236146837/locations/us-central1/builds/1e5abddb-4017-4de6-b244-22d855ad02e7"},"done":true,"response":{"@type":"type.googleapis.com/google.cloud.functions.v2.Function","name":"projects/prueba-atom-bg/locations/us-central1/functions/api","buildConfig":{"build":"projects/1083236146837/locations/us-central1/builds/1e5abddb-4017-4de6-b244-22d855ad02e7","runtime":"nodejs22","entryPoint":"api","source":{"storageSource":{"bucket":"gcf-v2-sources-1083236146837-us-central1","object":"api/function-source.zip","generation":"1769919175274690"}},"environmentVariables":{"GOOGLE_NODE_RUN_SCRIPTS":""},"dockerRepository":"projects/prueba-atom-bg/locations/us-central1/repositories/gcf-artifacts","sourceProvenance":{"resolvedStorageSource":{"bucket":"gcf-v2-sources-1083236146837-us-central1","object":"api/function-source.zip","generation":"1769919175274690"}},"dockerRegistry":"ARTIFACT_REGISTRY","serviceAccount":"projects/prueba-atom-bg/serviceAccounts/1083236146837-compute@developer.gserviceaccount.com","automaticUpdatePolicy":{}},"serviceConfig":{"service":"projects/prueba-atom-bg/locations/us-central1/services/api","timeoutSeconds":60,"environmentVariables":{"EMAIL":"correo@gmail.com","PASSWORD":"","API_KEY":"","FIREBASE_CONFIG":"{\"projectId\":\"prueba-atom-bg\",\"storageBucket\":\"prueba-atom-bg.firebasestorage.app\"}","GCLOUD_PROJECT":"prueba-atom-bg","EVENTARC_CLOUD_EVENT_SOURCE":"projects/prueba-atom-bg/locations/us-central1/services/api","FUNCTION_TARGET":"api","LOG_EXECUTION_ID":"true"},"maxInstanceCount":10,"ingressSettings":"ALLOW_ALL","uri":"https://api-gl2fydetlq-uc.a.run.app","serviceAccountEmail":"1083236146837-compute@developer.gserviceaccount.com","availableMemory":"256Mi","allTrafficOnLatestRevision":true,"revision":"api-00004-jox","maxInstanceRequestConcurrency":80,"availableCpu":"1"},"state":"ACTIVE","updateTime":"2026-02-01T04:12:55.323805586Z","labels":{"deployment-tool":"cli-firebase","firebase-functions-hash":"4158360c01dc5f7cc5e273d461deb2546378a09d"},"environment":"GEN_2","url":"https://us-central1-prueba-atom-bg.cloudfunctions.net/api","createTime":"2026-01-30T23:13:20.380456969Z","satisfiesPzi":true}}
[debug] [2026-02-01T04:14:04.542Z] Got source token Clhwcm9qZWN0cy8xMDgzMjM2MTQ2ODM3L2xvY2F0aW9ucy91cy1jZW50cmFsMS9idWlsZHMvMWU1YWJkZGItNDAxNy00ZGU2LWIyNDQtMjJkODU1YWQwMmU3EmV1cy1jZW50cmFsMS1kb2NrZXIucGtnLmRldi9wcnVlYmEtYXRvbS1iZy9nY2YtYXJ0aWZhY3RzL3BydWViYS0tYXRvbS0tYmdfX3VzLS1jZW50cmFsMV9fYXBpOnZlcnNpb25fMRiVvZ+vwx8iO3Byb2plY3RzL3BydWViYS1hdG9tLWJnL2xvY2F0aW9ucy91cy1jZW50cmFsMS9mdW5jdGlvbnMvYXBpKgwIg6b7ywYQ2KOe/QIyCG5vZGVqczIyOnYKI2djci5pby9nYWUtcnVudGltZXMvbm9kZWpzMjI6c3RhYmxlEk91cy1jZW50cmFsMS1kb2NrZXIucGtnLmRldi9zZXJ2ZXJsZXNzLXJ1bnRpbWVzL2dvb2dsZS0yMi1mdWxsL3J1bnRpbWVzL25vZGVqczIyQAE= for region us-central1
[info] ✔  functions[api(us-central1)] Successful update operation. 
[debug] [2026-02-01T04:14:04.558Z] Total Function Deployment time: 70325
[debug] [2026-02-01T04:14:04.559Z] 1 Functions Deployed
[debug] [2026-02-01T04:14:04.559Z] 0 Functions Errored
[debug] [2026-02-01T04:14:04.559Z] 0 Function Deployments Aborted
[debug] [2026-02-01T04:14:04.559Z] Average Function Deployment time: 70324
[info] Function URL (api(us-central1)): https://api-gl2fydetlq-uc.a.run.app
[debug] [2026-02-01T04:14:04.792Z] Checked if tokens are valid: true, expires at: 1769922756065
[debug] [2026-02-01T04:14:04.792Z] Checked if tokens are valid: true, expires at: 1769922756065
[debug] [2026-02-01T04:14:04.793Z] >>> [apiv2][query] GET https://artifactregistry.googleapis.com/v1/projects/prueba-atom-bg/locations/us-central1/repositories/gcf-artifacts [none]
[debug] [2026-02-01T04:14:05.337Z] <<< [apiv2][status] GET https://artifactregistry.googleapis.com/v1/projects/prueba-atom-bg/locations/us-central1/repositories/gcf-artifacts 200
[debug] [2026-02-01T04:14:05.337Z] <<< [apiv2][body] GET https://artifactregistry.googleapis.com/v1/projects/prueba-atom-bg/locations/us-central1/repositories/gcf-artifacts {"name":"projects/prueba-atom-bg/locations/us-central1/repositories/gcf-artifacts","format":"DOCKER","description":"This repository is created and used by Cloud Functions for storing function docker images.","labels":{"goog-managed-by":"cloudfunctions"},"createTime":"2026-01-30T23:13:28.599667Z","updateTime":"2026-02-01T04:13:52.350762Z","mode":"STANDARD_REPOSITORY","cleanupPolicies":{"firebase-functions-cleanup":{"id":"firebase-functions-cleanup","action":"DELETE","condition":{"tagState":"ANY","olderThan":"86400s"}}},"sizeBytes":"142961974","vulnerabilityScanningConfig":{"lastEnableTime":"2026-01-30T23:13:20.571558231Z","enablementState":"SCANNING_DISABLED","enablementStateReason":"API containerscanning.googleapis.com is not enabled."},"satisfiesPzi":true,"registryUri":"us-central1-docker.pkg.dev/prueba-atom-bg/gcf-artifacts"}
[info] 
[info] ✔  Deploy complete! 
[info] 
[info] Project Console: https://console.firebase.google.com/project/prueba-atom-bg/overview
